REQUESTING PAGE: GET / with {} and HTTP headers {}
REQUESTING PAGE: GET / with {} and HTTP headers {"HTTP_REFERER"=>"/"}
REQUESTING PAGE: GET / with {} and HTTP headers {}
REQUESTING PAGE: POST /sessions with {"utf8"=>"\xE2\x9C\x93", "session"=>{"username_or_email"=>"jimbobjoe.erie@email.org", "password"=>"hUllo9jim"}, "commit"=>"Sign In"} and HTTP headers {"HTTP_REFERER"=>"/"}
REQUESTING PAGE: GET http://www.example.com/users/2389 with {} and HTTP headers {"HTTP_REFERER"=>"/sessions"}
REQUESTING PAGE: GET / with {} and HTTP headers {"HTTP_REFERER"=>"http://www.example.com/users/2389"}
REQUESTING PAGE: GET / with {} and HTTP headers {"HTTP_REFERER"=>"/"}
REQUESTING PAGE: GET /notes/new with {} and HTTP headers {"HTTP_REFERER"=>"/"}
REQUESTING PAGE: GET /users with {} and HTTP headers {"HTTP_REFERER"=>"/notes/new"}
REQUESTING PAGE: GET /signout with {} and HTTP headers {"HTTP_REFERER"=>"/users"}
REQUESTING PAGE: GET http://www.example.com/ with {} and HTTP headers {"HTTP_REFERER"=>"/signout"}
REQUESTING PAGE: GET / with {} and HTTP headers {}
REQUESTING PAGE: GET / with {} and HTTP headers {"HTTP_REFERER"=>"/"}
REQUESTING PAGE: GET / with {} and HTTP headers {}
REQUESTING PAGE: POST /sessions with {"utf8"=>"\xE2\x9C\x93", "session"=>{"username_or_email"=>"jimbobjoe.erie@email.org", "password"=>"hUllo9jim"}, "commit"=>"Sign In"} and HTTP headers {"HTTP_REFERER"=>"/"}
REQUESTING PAGE: GET http://www.example.com/users/2427 with {} and HTTP headers {"HTTP_REFERER"=>"/sessions"}
REQUESTING PAGE: GET / with {} and HTTP headers {"HTTP_REFERER"=>"http://www.example.com/users/2427"}
REQUESTING PAGE: GET / with {} and HTTP headers {"HTTP_REFERER"=>"/"}
REQUESTING PAGE: GET /notes/new with {} and HTTP headers {"HTTP_REFERER"=>"/"}
REQUESTING PAGE: GET /users with {} and HTTP headers {"HTTP_REFERER"=>"/notes/new"}
REQUESTING PAGE: GET /signout with {} and HTTP headers {"HTTP_REFERER"=>"/users"}
REQUESTING PAGE: GET http://www.example.com/ with {} and HTTP headers {"HTTP_REFERER"=>"/signout"}
REQUESTING PAGE: GET / with {} and HTTP headers {}
REQUESTING PAGE: GET / with {} and HTTP headers {"HTTP_REFERER"=>"/"}
REQUESTING PAGE: GET / with {} and HTTP headers {}
REQUESTING PAGE: POST /sessions with {"utf8"=>"\xE2\x9C\x93", "session"=>{"username_or_email"=>"jimbobjoe.erie@email.org", "password"=>"hUllo9jim"}, "commit"=>"Sign In"} and HTTP headers {"HTTP_REFERER"=>"/"}
REQUESTING PAGE: GET http://www.example.com/users/2474 with {} and HTTP headers {"HTTP_REFERER"=>"/sessions"}
REQUESTING PAGE: GET / with {} and HTTP headers {"HTTP_REFERER"=>"http://www.example.com/users/2474"}
REQUESTING PAGE: GET / with {} and HTTP headers {"HTTP_REFERER"=>"/"}
REQUESTING PAGE: GET /notes/new with {} and HTTP headers {"HTTP_REFERER"=>"/"}
REQUESTING PAGE: GET /users with {} and HTTP headers {"HTTP_REFERER"=>"/notes/new"}
REQUESTING PAGE: GET /signout with {} and HTTP headers {"HTTP_REFERER"=>"/users"}
REQUESTING PAGE: GET http://www.example.com/ with {} and HTTP headers {"HTTP_REFERER"=>"/signout"}
REQUESTING PAGE: GET / with {} and HTTP headers {}
REQUESTING PAGE: GET / with {} and HTTP headers {"HTTP_REFERER"=>"/"}
REQUESTING PAGE: GET / with {} and HTTP headers {}
REQUESTING PAGE: POST /sessions with {"utf8"=>"\xE2\x9C\x93", "session"=>{"username_or_email"=>"jimbobjoe.erie@email.org", "password"=>"hUllo9jim"}, "commit"=>"Sign In"} and HTTP headers {"HTTP_REFERER"=>"/"}
REQUESTING PAGE: GET http://www.example.com/users/94 with {} and HTTP headers {"HTTP_REFERER"=>"/sessions"}
REQUESTING PAGE: GET / with {} and HTTP headers {"HTTP_REFERER"=>"http://www.example.com/users/94"}
REQUESTING PAGE: GET / with {} and HTTP headers {"HTTP_REFERER"=>"/"}
REQUESTING PAGE: GET /notes/new with {} and HTTP headers {"HTTP_REFERER"=>"/"}
REQUESTING PAGE: GET /users with {} and HTTP headers {"HTTP_REFERER"=>"/notes/new"}
REQUESTING PAGE: GET /signout with {} and HTTP headers {"HTTP_REFERER"=>"/users"}
REQUESTING PAGE: GET http://www.example.com/ with {} and HTTP headers {"HTTP_REFERER"=>"/signout"}
REQUESTING PAGE: GET / with {} and HTTP headers {}
REQUESTING PAGE: GET / with {} and HTTP headers {"HTTP_REFERER"=>"/"}
REQUESTING PAGE: GET / with {} and HTTP headers {}
REQUESTING PAGE: POST /sessions with {"utf8"=>"\xE2\x9C\x93", "session"=>{"username_or_email"=>"jimbobjoe.erie@email.org", "password"=>"hUllo9jim"}, "commit"=>"Sign In"} and HTTP headers {"HTTP_REFERER"=>"/"}
REQUESTING PAGE: GET http://www.example.com/users/167 with {} and HTTP headers {"HTTP_REFERER"=>"/sessions"}
REQUESTING PAGE: GET / with {} and HTTP headers {"HTTP_REFERER"=>"http://www.example.com/users/167"}
REQUESTING PAGE: GET / with {} and HTTP headers {"HTTP_REFERER"=>"/"}
REQUESTING PAGE: GET /notes/new with {} and HTTP headers {"HTTP_REFERER"=>"/"}
REQUESTING PAGE: GET /users with {} and HTTP headers {"HTTP_REFERER"=>"/notes/new"}
REQUESTING PAGE: GET /signout with {} and HTTP headers {"HTTP_REFERER"=>"/users"}
REQUESTING PAGE: GET http://www.example.com/ with {} and HTTP headers {"HTTP_REFERER"=>"/signout"}
REQUESTING PAGE: GET / with {} and HTTP headers {}
REQUESTING PAGE: GET / with {} and HTTP headers {"HTTP_REFERER"=>"/"}
REQUESTING PAGE: GET / with {} and HTTP headers {}
REQUESTING PAGE: POST /sessions with {"utf8"=>"\xE2\x9C\x93", "session"=>{"username_or_email"=>"jimbobjoe.erie@email.org", "password"=>"hUllo9jim"}, "commit"=>"Sign In"} and HTTP headers {"HTTP_REFERER"=>"/"}
REQUESTING PAGE: GET http://www.example.com/users/212 with {} and HTTP headers {"HTTP_REFERER"=>"/sessions"}
REQUESTING PAGE: GET / with {} and HTTP headers {"HTTP_REFERER"=>"http://www.example.com/users/212"}
REQUESTING PAGE: GET / with {} and HTTP headers {"HTTP_REFERER"=>"/"}
REQUESTING PAGE: GET /notes/new with {} and HTTP headers {"HTTP_REFERER"=>"/"}
REQUESTING PAGE: GET /users with {} and HTTP headers {"HTTP_REFERER"=>"/notes/new"}
REQUESTING PAGE: GET /signout with {} and HTTP headers {"HTTP_REFERER"=>"/users"}
REQUESTING PAGE: GET http://www.example.com/ with {} and HTTP headers {"HTTP_REFERER"=>"/signout"}
REQUESTING PAGE: GET / with {} and HTTP headers {}
REQUESTING PAGE: GET / with {} and HTTP headers {"HTTP_REFERER"=>"/"}
REQUESTING PAGE: GET / with {} and HTTP headers {}
REQUESTING PAGE: POST /sessions with {"utf8"=>"\xE2\x9C\x93", "session"=>{"username_or_email"=>"jimbobjoe.erie@email.org", "password"=>"hUllo9jim"}, "commit"=>"Sign In"} and HTTP headers {"HTTP_REFERER"=>"/"}
REQUESTING PAGE: GET http://www.example.com/users/387 with {} and HTTP headers {"HTTP_REFERER"=>"/sessions"}
REQUESTING PAGE: GET / with {} and HTTP headers {"HTTP_REFERER"=>"http://www.example.com/users/387"}
REQUESTING PAGE: GET / with {} and HTTP headers {"HTTP_REFERER"=>"/"}
REQUESTING PAGE: GET /notes/new with {} and HTTP headers {"HTTP_REFERER"=>"/"}
REQUESTING PAGE: GET /users with {} and HTTP headers {"HTTP_REFERER"=>"/notes/new"}
REQUESTING PAGE: GET /signout with {} and HTTP headers {"HTTP_REFERER"=>"/users"}
REQUESTING PAGE: GET http://www.example.com/ with {} and HTTP headers {"HTTP_REFERER"=>"/signout"}
REQUESTING PAGE: GET / with {} and HTTP headers {}
REQUESTING PAGE: GET / with {} and HTTP headers {"HTTP_REFERER"=>"/"}
REQUESTING PAGE: GET / with {} and HTTP headers {}
REQUESTING PAGE: POST /sessions with {"utf8"=>"\xE2\x9C\x93", "session"=>{"username_or_email"=>"jimbobjoe.erie@email.org", "password"=>"hUllo9jim"}, "commit"=>"Sign In"} and HTTP headers {"HTTP_REFERER"=>"/"}
REQUESTING PAGE: GET http://www.example.com/users/461 with {} and HTTP headers {"HTTP_REFERER"=>"/sessions"}
REQUESTING PAGE: GET / with {} and HTTP headers {"HTTP_REFERER"=>"http://www.example.com/users/461"}
REQUESTING PAGE: GET / with {} and HTTP headers {"HTTP_REFERER"=>"/"}
REQUESTING PAGE: GET /notes/new with {} and HTTP headers {"HTTP_REFERER"=>"/"}
REQUESTING PAGE: GET /users with {} and HTTP headers {"HTTP_REFERER"=>"/notes/new"}
REQUESTING PAGE: GET /signout with {} and HTTP headers {"HTTP_REFERER"=>"/users"}
REQUESTING PAGE: GET http://www.example.com/ with {} and HTTP headers {"HTTP_REFERER"=>"/signout"}
REQUESTING PAGE: GET / with {} and HTTP headers {}
REQUESTING PAGE: GET / with {} and HTTP headers {"HTTP_REFERER"=>"/"}
REQUESTING PAGE: GET / with {} and HTTP headers {}
REQUESTING PAGE: POST /sessions with {"utf8"=>"\xE2\x9C\x93", "session"=>{"username_or_email"=>"jimbobjoe.erie@email.org", "password"=>"hUllo9jim"}, "commit"=>"Sign In"} and HTTP headers {"HTTP_REFERER"=>"/"}
REQUESTING PAGE: GET http://www.example.com/users/517 with {} and HTTP headers {"HTTP_REFERER"=>"/sessions"}
REQUESTING PAGE: GET / with {} and HTTP headers {"HTTP_REFERER"=>"http://www.example.com/users/517"}
REQUESTING PAGE: GET / with {} and HTTP headers {"HTTP_REFERER"=>"/"}
REQUESTING PAGE: GET /notes/new with {} and HTTP headers {"HTTP_REFERER"=>"/"}
REQUESTING PAGE: GET /users with {} and HTTP headers {"HTTP_REFERER"=>"/notes/new"}
REQUESTING PAGE: GET /signout with {} and HTTP headers {"HTTP_REFERER"=>"/users"}
REQUESTING PAGE: GET http://www.example.com/ with {} and HTTP headers {"HTTP_REFERER"=>"/signout"}
REQUESTING PAGE: GET / with {} and HTTP headers {}
REQUESTING PAGE: GET / with {} and HTTP headers {"HTTP_REFERER"=>"/"}
REQUESTING PAGE: GET / with {} and HTTP headers {}
REQUESTING PAGE: POST /sessions with {"utf8"=>"\xE2\x9C\x93", "session"=>{"username_or_email"=>"jimbobjoe.erie@email.org", "password"=>"hUllo9jim"}, "commit"=>"Sign In"} and HTTP headers {"HTTP_REFERER"=>"/"}
REQUESTING PAGE: GET http://www.example.com/users/589 with {} and HTTP headers {"HTTP_REFERER"=>"/sessions"}
REQUESTING PAGE: GET / with {} and HTTP headers {"HTTP_REFERER"=>"http://www.example.com/users/589"}
REQUESTING PAGE: GET / with {} and HTTP headers {"HTTP_REFERER"=>"/"}
REQUESTING PAGE: GET /notes/new with {} and HTTP headers {"HTTP_REFERER"=>"/"}
REQUESTING PAGE: GET /users with {} and HTTP headers {"HTTP_REFERER"=>"/notes/new"}
REQUESTING PAGE: GET /signout with {} and HTTP headers {"HTTP_REFERER"=>"/users"}
REQUESTING PAGE: GET http://www.example.com/ with {} and HTTP headers {"HTTP_REFERER"=>"/signout"}
REQUESTING PAGE: GET / with {} and HTTP headers {}
REQUESTING PAGE: GET / with {} and HTTP headers {"HTTP_REFERER"=>"/"}
REQUESTING PAGE: GET / with {} and HTTP headers {}
REQUESTING PAGE: POST /sessions with {"utf8"=>"\xE2\x9C\x93", "session"=>{"username_or_email"=>"jimbobjoe.erie@email.org", "password"=>"hUllo9jim"}, "commit"=>"Sign In"} and HTTP headers {"HTTP_REFERER"=>"/"}
REQUESTING PAGE: GET http://www.example.com/users/655 with {} and HTTP headers {"HTTP_REFERER"=>"/sessions"}
REQUESTING PAGE: GET / with {} and HTTP headers {"HTTP_REFERER"=>"http://www.example.com/users/655"}
REQUESTING PAGE: GET / with {} and HTTP headers {"HTTP_REFERER"=>"/"}
REQUESTING PAGE: GET /notes/new with {} and HTTP headers {"HTTP_REFERER"=>"/"}
REQUESTING PAGE: GET /users with {} and HTTP headers {"HTTP_REFERER"=>"/notes/new"}
REQUESTING PAGE: GET /signout with {} and HTTP headers {"HTTP_REFERER"=>"/users"}
REQUESTING PAGE: GET http://www.example.com/ with {} and HTTP headers {"HTTP_REFERER"=>"/signout"}
